<?xml version="1.0" encoding="UTF-8"?>
<!-- Generated by org.testng.reporters.JUnitReportReporter -->
<testsuite hostname="EPBYMINW3891" name="epam.com.tests.TsmTest" tests="2" failures="0" timestamp="5 Dec 2015 08:43:19 GMT" time="35.589" errors="0">
  <testcase name="testFlightsSearch" time="28.201" classname="epam.com.tests.TsmTest"/>
  <testcase name="testSuperHomePage" time="7.388" classname="epam.com.tests.TsmTest"/>
</testsuite> <!-- epam.com.tests.TsmTest -->
